Copying file build-aux/config.rpath
Copying file m4/codeset.m4
Copying file m4/fcntl-o.m4
Copying file m4/glibc2.m4
Copying file m4/glibc21.m4
Copying file m4/intdiv0.m4
Copying file m4/intl.m4
Copying file m4/intldir.m4
Copying file m4/intmax.m4
Copying file m4/inttypes-pri.m4
Copying file m4/inttypes_h.m4
Copying file m4/lcmessage.m4
Copying file m4/lock.m4
Copying file m4/printf-posix.m4
Copying file m4/size_max.m4
Copying file m4/stdint_h.m4
Copying file m4/threadlib.m4
Copying file m4/uintmax_t.m4
Copying file m4/visibility.m4
Copying file m4/wchar_t.m4
Copying file m4/wint_t.m4
Copying file m4/xsize.m4
Copying file po/Makevars.template
libtoolize: putting auxiliary files in AC_CONFIG_AUX_DIR, 'build-aux'.
libtoolize: copying file 'build-aux/ltmain.sh'
libtoolize: putting macros in AC_CONFIG_MACRO_DIRS, 'm4'.
libtoolize: copying file 'm4/libtool.m4'
libtoolize: copying file 'm4/ltoptions.m4'
libtoolize: copying file 'm4/ltsugar.m4'
libtoolize: copying file 'm4/ltversion.m4'
libtoolize: copying file 'm4/lt~obsolete.m4'
configure.ac:103: warning: The 'AM_PROG_MKDIR_P' macro is deprecated, and its use is discouraged.
configure.ac:103: You should use the Autoconf-provided 'AC_PROG_MKDIR_P' macro instead,
configure.ac:103: and use '$(MKDIR_P)' instead of '$(mkdir_p)'in your Makefile.am files.
configure.ac:85: installing 'build-aux/compile'
configure.ac:31: installing 'build-aux/missing'
compat/Makefile.am: installing 'build-aux/depcomp'
