gdbm-1.13/
gdbm-1.13/NOTE-WARNING
gdbm-1.13/doc/
gdbm-1.13/doc/gdbm.3
gdbm-1.13/doc/fdl.texi
gdbm-1.13/doc/stamp-vti
gdbm-1.13/doc/Makefile.in
gdbm-1.13/doc/gdbm.texi
gdbm-1.13/doc/Makefile.am
gdbm-1.13/doc/gdbmtool.1
gdbm-1.13/doc/gdbm_dump.1
gdbm-1.13/doc/version.texi
gdbm-1.13/doc/gdbm.info
gdbm-1.13/doc/gdbm_load.1
gdbm-1.13/po/
gdbm-1.13/po/da.gmo
gdbm-1.13/po/sr.gmo
gdbm-1.13/po/uk.gmo
gdbm-1.13/po/da.po
gdbm-1.13/po/fr.gmo
gdbm-1.13/po/de.gmo
gdbm-1.13/po/de.po
gdbm-1.13/po/fr.po
gdbm-1.13/po/stamp-po
gdbm-1.13/po/insert-header.sin
gdbm-1.13/po/fi.po
gdbm-1.13/po/Makefile.in.in
gdbm-1.13/po/vi.gmo
gdbm-1.13/po/eo.po
gdbm-1.13/po/vi.po
gdbm-1.13/po/pl.po
gdbm-1.13/po/quot.sed
gdbm-1.13/po/pl.gmo
gdbm-1.13/po/fi.gmo
gdbm-1.13/po/en@quot.header
gdbm-1.13/po/pt_BR.po
gdbm-1.13/po/Makevars
gdbm-1.13/po/ja.po
gdbm-1.13/po/uk.po
gdbm-1.13/po/ja.gmo
gdbm-1.13/po/pt_BR.gmo
gdbm-1.13/po/gdbm.pot
gdbm-1.13/po/boldquot.sed
gdbm-1.13/po/sr.po
gdbm-1.13/po/en@boldquot.header
gdbm-1.13/po/eo.gmo
gdbm-1.13/po/remove-potcdate.sin
gdbm-1.13/po/LINGUAS
gdbm-1.13/po/POTFILES.in
gdbm-1.13/po/Rules-quot
gdbm-1.13/git2chg.awk
gdbm-1.13/AUTHORS
gdbm-1.13/ABOUT-NLS
gdbm-1.13/m4/
gdbm-1.13/m4/libtool.m4
gdbm-1.13/m4/nls.m4
gdbm-1.13/m4/longlong.m4
gdbm-1.13/m4/ltsugar.m4
gdbm-1.13/m4/ltoptions.m4
gdbm-1.13/m4/lt~obsolete.m4
gdbm-1.13/m4/lib-ld.m4
gdbm-1.13/m4/lib-prefix.m4
gdbm-1.13/m4/iconv.m4
gdbm-1.13/m4/ltversion.m4
gdbm-1.13/m4/progtest.m4
gdbm-1.13/m4/intlmacosx.m4
gdbm-1.13/m4/gettext.m4
gdbm-1.13/m4/lib-link.m4
gdbm-1.13/m4/po.m4
gdbm-1.13/autoconf.h.in
gdbm-1.13/Makefile.in
gdbm-1.13/export/
gdbm-1.13/export/export.c
gdbm-1.13/export/Makefile.in
gdbm-1.13/export/Makefile.am
gdbm-1.13/build-aux/
gdbm-1.13/build-aux/missing
gdbm-1.13/build-aux/compile
gdbm-1.13/build-aux/depcomp
gdbm-1.13/build-aux/config.sub
gdbm-1.13/build-aux/ltmain.sh
gdbm-1.13/build-aux/install-sh
gdbm-1.13/build-aux/config.rpath
gdbm-1.13/build-aux/mdate-sh
gdbm-1.13/build-aux/config.guess
gdbm-1.13/build-aux/texinfo.tex
gdbm-1.13/build-aux/ylwrap
gdbm-1.13/src/
gdbm-1.13/src/gdbm.h.in
gdbm-1.13/src/gdbmexp.c
gdbm-1.13/src/gdbmdelete.c
gdbm-1.13/src/gdbmexists.c
gdbm-1.13/src/version.c
gdbm-1.13/src/util.c
gdbm-1.13/src/gdbmload.c
gdbm-1.13/src/debug.c
gdbm-1.13/src/gdbmtool.c
gdbm-1.13/src/gram.y
gdbm-1.13/src/gdbmapp.h
gdbm-1.13/src/parseopt.c
gdbm-1.13/src/input-std.c
gdbm-1.13/src/gram.c
gdbm-1.13/src/gdbmerrno.c
gdbm-1.13/src/gdbmclose.c
gdbm-1.13/src/gdbmconst.h
gdbm-1.13/src/gdbmsync.c
gdbm-1.13/src/gdbm_load.c
gdbm-1.13/src/proto.h
gdbm-1.13/src/gdbmtool.h
gdbm-1.13/src/falloc.c
gdbm-1.13/src/progname.c
gdbm-1.13/src/gdbmreorg.c
gdbm-1.13/src/Makefile.in
gdbm-1.13/src/gdbmstore.c
gdbm-1.13/src/mem.c
gdbm-1.13/src/findkey.c
gdbm-1.13/src/gdbmfetch.c
gdbm-1.13/src/gdbm_dump.c
gdbm-1.13/src/mmap.c
gdbm-1.13/src/gdbmopen.c
gdbm-1.13/src/gdbmsetopt.c
gdbm-1.13/src/hash.c
gdbm-1.13/src/Makefile.am
gdbm-1.13/src/gram.h
gdbm-1.13/src/lex.c
gdbm-1.13/src/gdbmimp.c
gdbm-1.13/src/update.c
gdbm-1.13/src/var.c
gdbm-1.13/src/gdbmcount.c
gdbm-1.13/src/base64.c
gdbm-1.13/src/gdbmdump.c
gdbm-1.13/src/fullio.c
gdbm-1.13/src/input-rl.c
gdbm-1.13/src/systems.h
gdbm-1.13/src/gdbmseq.c
gdbm-1.13/src/bucket.c
gdbm-1.13/src/gettext.h
gdbm-1.13/src/gdbmfdesc.c
gdbm-1.13/src/err.c
gdbm-1.13/src/gdbmdefs.h
gdbm-1.13/src/datconv.c
gdbm-1.13/src/gdbm.magic
gdbm-1.13/src/lex.l
gdbm-1.13/src/recover.c
gdbm-1.13/src/lock.c
gdbm-1.13/COPYING
gdbm-1.13/configure.ac
gdbm-1.13/aclocal.m4
gdbm-1.13/INSTALL
gdbm-1.13/Makefile.am
gdbm-1.13/compat/
gdbm-1.13/compat/fetch.c
gdbm-1.13/compat/ndbm.h
gdbm-1.13/compat/dbmdirfno.c
gdbm-1.13/compat/dbmopen.c
gdbm-1.13/compat/dbmdelete.c
gdbm-1.13/compat/dbminit.c
gdbm-1.13/compat/dbmstore.c
gdbm-1.13/compat/dbmrdonly.c
gdbm-1.13/compat/Makefile.in
gdbm-1.13/compat/dbmseq.c
gdbm-1.13/compat/dbmerr.c
gdbm-1.13/compat/dbmfetch.c
gdbm-1.13/compat/Makefile.am
gdbm-1.13/compat/delete.c
gdbm-1.13/compat/dbm-priv.h
gdbm-1.13/compat/seq.c
gdbm-1.13/compat/close.c
gdbm-1.13/compat/dbm.h
gdbm-1.13/compat/store.c
gdbm-1.13/compat/dbmpagfno.c
gdbm-1.13/compat/dbmclose.c
gdbm-1.13/README
gdbm-1.13/NEWS
gdbm-1.13/ChangeLog
gdbm-1.13/tests/
gdbm-1.13/tests/gtdump.c
gdbm-1.13/tests/fetch00.at
gdbm-1.13/tests/dtdump.c
gdbm-1.13/tests/dbmfetch01.at
gdbm-1.13/tests/create00.at
gdbm-1.13/tests/progname.h
gdbm-1.13/tests/cloexec01.at
gdbm-1.13/tests/dbmfetch03.at
gdbm-1.13/tests/setopt01.at
gdbm-1.13/tests/dbmdel02.at
gdbm-1.13/tests/num2word.c
gdbm-1.13/tests/setopt00.at
gdbm-1.13/tests/dtload.c
gdbm-1.13/tests/blocksize02.at
gdbm-1.13/tests/dbmdel00.at
gdbm-1.13/tests/g_reorg_ce.c
gdbm-1.13/tests/gtopt.c
gdbm-1.13/tests/gtdel.c
gdbm-1.13/tests/delete00.at
gdbm-1.13/tests/d_creat_ce.c
gdbm-1.13/tests/Makefile.in
gdbm-1.13/tests/delete02.at
gdbm-1.13/tests/version.at
gdbm-1.13/tests/dbmdel01.at
gdbm-1.13/tests/dtfetch.c
gdbm-1.13/tests/cloexec03.at
gdbm-1.13/tests/fetch01.at
gdbm-1.13/tests/Makefile.am
gdbm-1.13/tests/dbmcreate00.at
gdbm-1.13/tests/testsuite.at
gdbm-1.13/tests/delete01.at
gdbm-1.13/tests/gtrecover.c
gdbm-1.13/tests/blocksize00.at
gdbm-1.13/tests/cloexec00.at
gdbm-1.13/tests/gtfetch.c
gdbm-1.13/tests/blocksize01.at
gdbm-1.13/tests/cloexec02.at
gdbm-1.13/tests/g_open_ce.c
gdbm-1.13/tests/gtver.c
gdbm-1.13/tests/testsuite
gdbm-1.13/tests/dbmfetch02.at
gdbm-1.13/tests/dtdel.c
gdbm-1.13/tests/gtload.c
gdbm-1.13/tests/dbmfetch00.at
gdbm-1.13/tests/fdop.c
gdbm-1.13/tests/dbmcvt.at
gdbm-1.13/tests/package.m4
gdbm-1.13/tests/atlocal.in
gdbm-1.13/configure
gdbm-1.13/THANKS
