patching file compat/dbmopen.c
patching file compat/Makefile.am
patching file compat/Makefile.in
patching file configure
patching file configure.ac
patching file src/falloc.c
patching file src/gdbm_load.c
patching file src/gdbmclose.c
patching file src/gdbmdump.c
patching file src/gdbmexp.c
patching file src/gdbmimp.c
patching file src/gdbmload.c
patching file src/gdbmopen.c
patching file src/gdbmsetopt.c
patching file src/gdbmsync.c
patching file src/gdbmtool.c
patching file src/lock.c
patching file src/Makefile.am
patching file src/Makefile.in
patching file src/mem.c
patching file src/parseopt.c
patching file src/progname.c
patching file src/recover.c
patching file src/systems.h
patching file src/update.c
patching file src/util.c
patching file tests/blocksize02.at
patching file tests/dbmdel01.at
patching file tests/dbmfetch01.at
patching file tests/delete01.at
patching file tests/dtdel.c
patching file tests/dtdump.c
patching file tests/dtfetch.c
patching file tests/dtload.c
patching file tests/fetch01.at
patching file tests/gtdel.c
patching file tests/gtdump.c
patching file tests/gtfetch.c
patching file tests/gtload.c
patching file tests/gtopt.c
patching file tests/gtver.c
patching file tests/num2word.c
patching file tests/testsuite
