bzip2-1.0.6/blocksort.c
bzip2-1.0.6/huffman.c
bzip2-1.0.6/crctable.c
bzip2-1.0.6/randtable.c
bzip2-1.0.6/compress.c
bzip2-1.0.6/decompress.c
bzip2-1.0.6/bzlib.c
bzip2-1.0.6/bzip2.c
bzip2-1.0.6/bzip2recover.c
bzip2-1.0.6/bzlib.h
bzip2-1.0.6/bzlib_private.h
bzip2-1.0.6/Makefile
bzip2-1.0.6/LICENSE
bzip2-1.0.6/bzip2.1
bzip2-1.0.6/bzip2.1.preformatted
bzip2-1.0.6/bzip2.txt
bzip2-1.0.6/words0
bzip2-1.0.6/words1
bzip2-1.0.6/words2
bzip2-1.0.6/words3
bzip2-1.0.6/sample1.ref
bzip2-1.0.6/sample2.ref
bzip2-1.0.6/sample3.ref
bzip2-1.0.6/sample1.bz2
bzip2-1.0.6/sample2.bz2
bzip2-1.0.6/sample3.bz2
bzip2-1.0.6/dlltest.c
bzip2-1.0.6/manual.html
bzip2-1.0.6/manual.pdf
bzip2-1.0.6/manual.ps
bzip2-1.0.6/README
bzip2-1.0.6/README.COMPILATION.PROBLEMS
bzip2-1.0.6/README.XML.STUFF
bzip2-1.0.6/CHANGES
bzip2-1.0.6/libbz2.def
bzip2-1.0.6/libbz2.dsp
bzip2-1.0.6/dlltest.dsp
bzip2-1.0.6/makefile.msc
bzip2-1.0.6/unzcrash.c
bzip2-1.0.6/spewG.c
bzip2-1.0.6/mk251.c
bzip2-1.0.6/bzdiff
bzip2-1.0.6/bzdiff.1
bzip2-1.0.6/bzmore
bzip2-1.0.6/bzmore.1
bzip2-1.0.6/bzgrep
bzip2-1.0.6/bzgrep.1
bzip2-1.0.6/Makefile-libbz2_so
bzip2-1.0.6/bz-common.xsl
bzip2-1.0.6/bz-fo.xsl
bzip2-1.0.6/bz-html.xsl
bzip2-1.0.6/bzip.css
bzip2-1.0.6/entities.xml
bzip2-1.0.6/manual.xml
bzip2-1.0.6/format.pl
bzip2-1.0.6/xmlproc.sh
