termcap-1.3.1/
termcap-1.3.1/NEWS
termcap-1.3.1/COPYING
termcap-1.3.1/texinfo.tex
termcap-1.3.1/install-sh
termcap-1.3.1/Makefile.in
termcap-1.3.1/tparam.c
termcap-1.3.1/INSTALL
termcap-1.3.1/ChangeLog
termcap-1.3.1/termcap.h
termcap-1.3.1/termcap.c
termcap-1.3.1/configure.in
termcap-1.3.1/README
termcap-1.3.1/termcap.info
termcap-1.3.1/termcap.texi
termcap-1.3.1/termcap.info-4
termcap-1.3.1/termcap.info-1
termcap-1.3.1/termcap.info-2
termcap-1.3.1/termcap.info-3
termcap-1.3.1/mkinstalldirs
termcap-1.3.1/version.c
termcap-1.3.1/termcap.src
termcap-1.3.1/configure
