This file contains any messages produced by compilers while
running configure, to aid debugging if configure makes a mistake.

It was created by PDCurses configure 3.4, which was
generated by GNU Autoconf 2.61.  Invocation command line was

  $ ./configure --prefix=/usr/local/zmymingw --host=i686-w64-mingw32 --build=i386-apple-darwin16.7.0 --target=i686-w64-mingw32

## --------- ##
## Platform. ##
## --------- ##

hostname = yuandongmeideiMac.local
uname -m = x86_64
uname -r = 16.7.0
uname -s = Darwin
uname -v = Darwin Kernel Version 16.7.0: Thu Jun 15 17:36:27 PDT 2017; root:xnu-3789.70.16~2/RELEASE_X86_64

/usr/bin/uname -p = i386
/bin/uname -X     = unknown

/bin/arch              = unknown
/usr/bin/arch -k       = unknown
/usr/convex/getsysinfo = unknown
/usr/bin/hostinfo      = Mach kernel version:
	 Darwin Kernel Version 16.7.0: Thu Jun 15 17:36:27 PDT 2017; root:xnu-3789.70.16~2/RELEASE_X86_64
Kernel configured for up to 4 processors.
4 processors are physically available.
4 processors are logically available.
Processor type: x86_64h (Intel x86-64h Haswell)
Processors active: 0 1 2 3
Primary memory available: 8.00 gigabytes
Default processor set: 370 tasks, 1486 threads, 4 processors
Load average: 1.62, Mach factor: 2.37
/bin/machine           = unknown
/usr/bin/oslevel       = unknown
/bin/universe          = unknown

PATH: /usr/local/opt/coreutils/libexec/gnubin
PATH: /Users/yuandongmei/bin
PATH: /usr/local/binutils/bin
PATH: /usr/local/bin
PATH: /usr/bin
PATH: /Users/yuandongmei/.cargo/bin
PATH: /usr/local/bin
PATH: /usr/bin
PATH: /bin
PATH: /usr/sbin
PATH: /sbin
PATH: /opt/X11/bin
PATH: /opt/local/bin


## ----------- ##
## Core tests. ##
## ----------- ##

configure:1756: checking for i686-w64-mingw32-gcc
configure:1772: found /usr/local/bin/i686-w64-mingw32-gcc
configure:1783: result: i686-w64-mingw32-gcc
configure:2061: checking for C compiler version
configure:2068: i686-w64-mingw32-gcc --version >&5
i686-w64-mingw32-gcc (GCC) 7.1.0
Copyright (C) 2017 Free Software Foundation, Inc.
This is free software; see the source for copying conditions.  There is NO
warranty; not even for MERCHANTABILITY or FITNESS FOR A PARTICULAR PURPOSE.

configure:2071: $? = 0
configure:2078: i686-w64-mingw32-gcc -v >&5
Using built-in specs.
COLLECT_GCC=i686-w64-mingw32-gcc
COLLECT_LTO_WRAPPER=/usr/local/Cellar/mingw-w64/5.0.2_1/toolchain-i686/libexec/gcc/i686-w64-mingw32/7.1.0/lto-wrapper
Target: i686-w64-mingw32
Configured with: ../configure --target=i686-w64-mingw32 --prefix=/usr/local/Cellar/mingw-w64/5.0.2_1/toolchain-i686 --with-bugurl=https://github.com/Homebrew/homebrew-core/issues --enable-languages=c,c++,fortran --with-ld=/usr/local/Cellar/mingw-w64/5.0.2_1/toolchain-i686/bin/i686-w64-mingw32-ld --with-as=/usr/local/Cellar/mingw-w64/5.0.2_1/toolchain-i686/bin/i686-w64-mingw32-as --with-gmp=/usr/local/opt/gmp --with-mpfr=/usr/local/opt/mpfr --with-mpc=/usr/local/opt/libmpc --with-isl=/usr/local/opt/isl --disable-multilib
Thread model: win32
gcc version 7.1.0 (GCC) 
configure:2081: $? = 0
configure:2088: i686-w64-mingw32-gcc -V >&5
i686-w64-mingw32-gcc: error: unrecognized command line option '-V'
i686-w64-mingw32-gcc: fatal error: no input files
compilation terminated.
configure:2091: $? = 1
configure:2114: checking for C compiler default output file name
configure:2141: i686-w64-mingw32-gcc    conftest.c  >&5
configure:2144: $? = 0
configure:2182: result: a.exe
configure:2199: checking whether the C compiler works
configure:2229: result: yes
configure:2236: checking whether we are cross compiling
configure:2238: result: yes
configure:2241: checking for suffix of executables
configure:2248: i686-w64-mingw32-gcc -o conftest.exe    conftest.c  >&5
configure:2251: $? = 0
configure:2275: result: .exe
configure:2281: checking for suffix of object files
configure:2307: i686-w64-mingw32-gcc -c   conftest.c >&5
configure:2310: $? = 0
configure:2333: result: o
configure:2337: checking whether we are using the GNU C compiler
configure:2366: i686-w64-mingw32-gcc -c   conftest.c >&5
configure:2372: $? = 0
configure:2389: result: yes
configure:2394: checking whether i686-w64-mingw32-gcc accepts -g
configure:2424: i686-w64-mingw32-gcc -c -g  conftest.c >&5
configure:2430: $? = 0
configure:2529: result: yes
configure:2546: checking for i686-w64-mingw32-gcc option to accept ISO C89
configure:2620: i686-w64-mingw32-gcc  -c -g -O2  conftest.c >&5
configure:2626: $? = 0
configure:2649: result: none needed
configure:2707: checking build system type
configure:2725: result: i386-apple-darwin16.7.0
configure:2747: checking host system type
configure:2762: result: i686-w64-mingw32
configure:2784: checking target system type
configure:2799: result: i686-w64-mingw32
configure:2856: checking for maximum signal specifier:
configure:2885: i686-w64-mingw32-gcc -c -g -O2   conftest.c >&5
configure:2891: $? = 0
configure:2921: result: NSIG
configure:2929: checking for i686-w64-mingw32-ranlib
configure:2945: found /usr/local/bin/i686-w64-mingw32-ranlib
configure:2956: result: i686-w64-mingw32-ranlib
configure:3035: checking for a BSD-compatible install
configure:3091: result: /usr/local/opt/coreutils/libexec/gnubin/install -c
configure:3102: checking whether make sets $(MAKE)
configure:3123: result: yes
configure:3138: checking how to run the C preprocessor
configure:3178: i686-w64-mingw32-gcc -E  conftest.c
configure:3184: $? = 0
configure:3215: i686-w64-mingw32-gcc -E  conftest.c
conftest.c:9:10: fatal error: ac_nonexistent.h: No such file or directory
 #include <ac_nonexistent.h>
          ^~~~~~~~~~~~~~~~~~
compilation terminated.
configure:3221: $? = 1
configure: failed program was:
| /* confdefs.h.  */
| #define PACKAGE_NAME "PDCurses"
| #define PACKAGE_TARNAME "PDCurses"
| #define PACKAGE_VERSION "3.4"
| #define PACKAGE_STRING "PDCurses 3.4"
| #define PACKAGE_BUGREPORT "wmcbrine@users.sf.net"
| #define PDC_MAX_SIGNALS NSIG
| /* end confdefs.h.  */
| #include <ac_nonexistent.h>
configure:3254: result: i686-w64-mingw32-gcc -E
configure:3283: i686-w64-mingw32-gcc -E  conftest.c
configure:3289: $? = 0
configure:3320: i686-w64-mingw32-gcc -E  conftest.c
conftest.c:9:10: fatal error: ac_nonexistent.h: No such file or directory
 #include <ac_nonexistent.h>
          ^~~~~~~~~~~~~~~~~~
compilation terminated.
configure:3326: $? = 1
configure: failed program was:
| /* confdefs.h.  */
| #define PACKAGE_NAME "PDCurses"
| #define PACKAGE_TARNAME "PDCurses"
| #define PACKAGE_VERSION "3.4"
| #define PACKAGE_STRING "PDCurses 3.4"
| #define PACKAGE_BUGREPORT "wmcbrine@users.sf.net"
| #define PDC_MAX_SIGNALS NSIG
| /* end confdefs.h.  */
| #include <ac_nonexistent.h>
configure:3364: checking for grep that handles long lines and -e
configure:3438: result: /usr/local/bin/grep
configure:3443: checking for egrep
configure:3521: result: /usr/local/bin/grep -E
configure:3526: checking for ANSI C header files
configure:3556: i686-w64-mingw32-gcc -c -g -O2  conftest.c >&5
configure:3562: $? = 0
configure:3690: result: yes
configure:3714: checking for sys/types.h
configure:3735: i686-w64-mingw32-gcc -c -g -O2  conftest.c >&5
configure:3741: $? = 0
configure:3757: result: yes
configure:3714: checking for sys/stat.h
configure:3735: i686-w64-mingw32-gcc -c -g -O2  conftest.c >&5
configure:3741: $? = 0
configure:3757: result: yes
configure:3714: checking for stdlib.h
configure:3735: i686-w64-mingw32-gcc -c -g -O2  conftest.c >&5
configure:3741: $? = 0
configure:3757: result: yes
configure:3714: checking for string.h
configure:3735: i686-w64-mingw32-gcc -c -g -O2  conftest.c >&5
configure:3741: $? = 0
configure:3757: result: yes
configure:3714: checking for memory.h
configure:3735: i686-w64-mingw32-gcc -c -g -O2  conftest.c >&5
configure:3741: $? = 0
configure:3757: result: yes
configure:3714: checking for strings.h
configure:3735: i686-w64-mingw32-gcc -c -g -O2  conftest.c >&5
configure:3741: $? = 0
configure:3757: result: yes
configure:3714: checking for inttypes.h
configure:3735: i686-w64-mingw32-gcc -c -g -O2  conftest.c >&5
configure:3741: $? = 0
configure:3757: result: yes
configure:3714: checking for stdint.h
configure:3735: i686-w64-mingw32-gcc -c -g -O2  conftest.c >&5
configure:3741: $? = 0
configure:3757: result: yes
configure:3714: checking for unistd.h
configure:3735: i686-w64-mingw32-gcc -c -g -O2  conftest.c >&5
configure:3741: $? = 0
configure:3757: result: yes
configure:3780: checking sys/ipc.h usability
configure:3797: i686-w64-mingw32-gcc -c -g -O2  conftest.c >&5
conftest.c:52:10: fatal error: sys/ipc.h: No such file or directory
 #include <sys/ipc.h>
          ^~~~~~~~~~~
compilation terminated.
configure:3803: $? = 1
configure: failed program was:
| /* confdefs.h.  */
| #define PACKAGE_NAME "PDCurses"
| #define PACKAGE_TARNAME "PDCurses"
| #define PACKAGE_VERSION "3.4"
| #define PACKAGE_STRING "PDCurses 3.4"
| #define PACKAGE_BUGREPORT "wmcbrine@users.sf.net"
| #define PDC_MAX_SIGNALS NSIG
| #define STDC_HEADERS 1
| #define HAVE_SYS_TYPES_H 1
| #define HAVE_SYS_STAT_H 1
| #define HAVE_STDLIB_H 1
| #define HAVE_STRING_H 1
| #define HAVE_MEMORY_H 1
| #define HAVE_STRINGS_H 1
| #define HAVE_INTTYPES_H 1
| #define HAVE_STDINT_H 1
| #define HAVE_UNISTD_H 1
| /* end confdefs.h.  */
| #include <stdio.h>
| #ifdef HAVE_SYS_TYPES_H
| # include <sys/types.h>
| #endif
| #ifdef HAVE_SYS_STAT_H
| # include <sys/stat.h>
| #endif
| #ifdef STDC_HEADERS
| # include <stdlib.h>
| # include <stddef.h>
| #else
| # ifdef HAVE_STDLIB_H
| #  include <stdlib.h>
| # endif
| #endif
| #ifdef HAVE_STRING_H
| # if !defined STDC_HEADERS && defined HAVE_MEMORY_H
| #  include <memory.h>
| # endif
| # include <string.h>
| #endif
| #ifdef HAVE_STRINGS_H
| # include <strings.h>
| #endif
| #ifdef HAVE_INTTYPES_H
| # include <inttypes.h>
| #endif
| #ifdef HAVE_STDINT_H
| # include <stdint.h>
| #endif
| #ifdef HAVE_UNISTD_H
| # include <unistd.h>
| #endif
| #include <sys/ipc.h>
configure:3817: result: no
configure:3821: checking sys/ipc.h presence
configure:3836: i686-w64-mingw32-gcc -E  conftest.c
conftest.c:19:10: fatal error: sys/ipc.h: No such file or directory
 #include <sys/ipc.h>
          ^~~~~~~~~~~
compilation terminated.
configure:3842: $? = 1
configure: failed program was:
| /* confdefs.h.  */
| #define PACKAGE_NAME "PDCurses"
| #define PACKAGE_TARNAME "PDCurses"
| #define PACKAGE_VERSION "3.4"
| #define PACKAGE_STRING "PDCurses 3.4"
| #define PACKAGE_BUGREPORT "wmcbrine@users.sf.net"
| #define PDC_MAX_SIGNALS NSIG
| #define STDC_HEADERS 1
| #define HAVE_SYS_TYPES_H 1
| #define HAVE_SYS_STAT_H 1
| #define HAVE_STDLIB_H 1
| #define HAVE_STRING_H 1
| #define HAVE_MEMORY_H 1
| #define HAVE_STRINGS_H 1
| #define HAVE_INTTYPES_H 1
| #define HAVE_STDINT_H 1
| #define HAVE_UNISTD_H 1
| /* end confdefs.h.  */
| #include <sys/ipc.h>
configure:3856: result: no
configure:3889: checking for sys/ipc.h
configure:3896: result: no
configure:3903: error: Cannot find required header file sys/ipc.h; PDCurses cannot be configured

## ---------------- ##
## Cache variables. ##
## ---------------- ##

ac_cv_build=i386-apple-darwin16.7.0
ac_cv_c_compiler_gnu=yes
ac_cv_env_CC_set=
ac_cv_env_CC_value=
ac_cv_env_CFLAGS_set=
ac_cv_env_CFLAGS_value=
ac_cv_env_CPPFLAGS_set=
ac_cv_env_CPPFLAGS_value=
ac_cv_env_CPP_set=
ac_cv_env_CPP_value=
ac_cv_env_LDFLAGS_set=
ac_cv_env_LDFLAGS_value=
ac_cv_env_LIBS_set=
ac_cv_env_LIBS_value=
ac_cv_env_XMKMF_set=
ac_cv_env_XMKMF_value=
ac_cv_env_build_alias_set=set
ac_cv_env_build_alias_value=i386-apple-darwin16.7.0
ac_cv_env_host_alias_set=set
ac_cv_env_host_alias_value=i686-w64-mingw32
ac_cv_env_target_alias_set=set
ac_cv_env_target_alias_value=i686-w64-mingw32
ac_cv_exeext=.exe
ac_cv_header_inttypes_h=yes
ac_cv_header_memory_h=yes
ac_cv_header_stdc=yes
ac_cv_header_stdint_h=yes
ac_cv_header_stdlib_h=yes
ac_cv_header_string_h=yes
ac_cv_header_strings_h=yes
ac_cv_header_sys_ipc_h=no
ac_cv_header_sys_stat_h=yes
ac_cv_header_sys_types_h=yes
ac_cv_header_unistd_h=yes
ac_cv_host=i686-w64-mingw32
ac_cv_objext=o
ac_cv_path_EGREP='/usr/local/bin/grep -E'
ac_cv_path_GREP=/usr/local/bin/grep
ac_cv_path_install='/usr/local/opt/coreutils/libexec/gnubin/install -c'
ac_cv_prog_CC=i686-w64-mingw32-gcc
ac_cv_prog_CPP='i686-w64-mingw32-gcc -E'
ac_cv_prog_RANLIB=i686-w64-mingw32-ranlib
ac_cv_prog_cc_c89=
ac_cv_prog_cc_g=yes
ac_cv_prog_make_make_set=yes
ac_cv_target=i686-w64-mingw32
mh_cv_max_signals=NSIG

## ----------------- ##
## Output variables. ##
## ----------------- ##

CC2O=''
CC='i686-w64-mingw32-gcc'
CFLAGS='-g -O2'
CPP='i686-w64-mingw32-gcc -E'
CPPFLAGS=''
DEFS=''
DYN_COMP=''
ECHO_C='ECHO_N=''
ECHO_T=''
EGREP='/usr/local/bin/grep -E'
EXEEXT='.exe'
GREP='/usr/local/bin/grep'
INSTALL_DATA='${INSTALL} -m 644'
INSTALL_PROGRAM='${INSTALL}'
INSTALL_SCRIPT='${INSTALL}'
LDFLAGS=''
LD_RXLIB1=''
LIBOBJS=''
LIBS=''
LTLIBOBJS=''
MH_EXTRA_LIBS=''
MH_XINC_DIR=''
MH_XLIBS=''
O2SAVE=''
OBJEXT='o'
PACKAGE_BUGREPORT='wmcbrine@users.sf.net'
PACKAGE_NAME='PDCurses'
PACKAGE_STRING='PDCurses 3.4'
PACKAGE_TARNAME='PDCurses'
PACKAGE_VERSION='3.4'
PATH_SEPARATOR=':'
PURIFY=''
RANLIB='i686-w64-mingw32-ranlib'
RXPACKEXPORTS=''
SAVE2O=''
SET_MAKE=''
SHELL='/bin/sh'
SHLPRE=''
SHLPST=''
SHL_TARGETS=''
SYS_DEFS=''
XMKMF=''
ac_ct_CC=''
bindir='${exec_prefix}/bin'
build='i386-apple-darwin16.7.0'
build_alias='i386-apple-darwin16.7.0'
build_cpu='i386'
build_os='darwin16.7.0'
build_vendor='apple'
datadir='${datarootdir}'
datarootdir='${prefix}/share'
docdir='${datarootdir}/doc/${PACKAGE_TARNAME}'
dvidir='${docdir}'
exec_prefix='NONE'
host='i686-w64-mingw32'
host_alias='i686-w64-mingw32'
host_cpu='i686'
host_os='mingw32'
host_vendor='w64'
htmldir='${docdir}'
includedir='${prefix}/include'
infodir='${datarootdir}/info'
libdir='${exec_prefix}/lib'
libexecdir='${exec_prefix}/libexec'
localedir='${datarootdir}/locale'
localstatedir='${prefix}/var'
mandir='${datarootdir}/man'
oldincludedir='/usr/include'
pdfdir='${docdir}'
prefix='/usr/local/zmymingw'
program_transform_name='s,x,x,'
psdir='${docdir}'
sbindir='${exec_prefix}/sbin'
sharedstatedir='${prefix}/com'
sysconfdir='${prefix}/etc'
target='i686-w64-mingw32'
target_alias='i686-w64-mingw32'
target_cpu='i686'
target_os='mingw32'
target_vendor='w64'

## ----------- ##
## confdefs.h. ##
## ----------- ##

#define PACKAGE_NAME "PDCurses"
#define PACKAGE_TARNAME "PDCurses"
#define PACKAGE_VERSION "3.4"
#define PACKAGE_STRING "PDCurses 3.4"
#define PACKAGE_BUGREPORT "wmcbrine@users.sf.net"
#define PDC_MAX_SIGNALS NSIG
#define STDC_HEADERS 1
#define HAVE_SYS_TYPES_H 1
#define HAVE_SYS_STAT_H 1
#define HAVE_STDLIB_H 1
#define HAVE_STRING_H 1
#define HAVE_MEMORY_H 1
#define HAVE_STRINGS_H 1
#define HAVE_INTTYPES_H 1
#define HAVE_STDINT_H 1
#define HAVE_UNISTD_H 1

configure: exit 1
